<?xml version="1.0" encoding="UTF-8"?>
<testsuite xmlns:xsi="http://www.w3.org/2001/XMLSchema-instance" xsi:noNamespaceSchemaLocation="https://maven.apache.org/surefire/maven-surefire-plugin/xsd/surefire-test-report.xsd" name="com.UserLoginWithoutRequiredFieldNegativeTest" time="2.361" tests="3" errors="0" skipped="0" failures="0">
  <properties>
[...]
</properties>
  <testcase name="userLoginWithoutNecessaryField[0]" classname="com.UserLoginWithoutRequiredFieldNegativeTest" time="0.681"/>
  <testcase name="userLoginWithoutNecessaryField[1]" classname="com.UserLoginWithoutRequiredFieldNegativeTest" time="0.927"/>
  <testcase name="userLoginWithoutNecessaryField[2]" classname="com.UserLoginWithoutRequiredFieldNegativeTest" time="0.751"/>
</testsuite>